  pch.cpp
  ZGA.cpp
c:\users\administrator\source\repos\zga\zga\zga.cpp(1905): error C2664: “UINT GetPrivateProfileIntW(LPCWSTR,LPCWSTR,INT,LPCWSTR)”: 无法将参数 1 从“const char [6]”转换为“LPCWSTR”
  c:\users\administrator\source\repos\zga\zga\zga.cpp(1905): note: 与指向的类型无关；强制转换要求 reinterpret_cast、C 样式强制转换或函数样式强制转换
c:\users\administrator\source\repos\zga\zga\zga.cpp(1949): error C2664: “UINT GetPrivateProfileIntW(LPCWSTR,LPCWSTR,INT,LPCWSTR)”: 无法将参数 1 从“const char [6]”转换为“LPCWSTR”
  c:\users\administrator\source\repos\zga\zga\zga.cpp(1949): note: 与指向的类型无关；强制转换要求 reinterpret_cast、C 样式强制转换或函数样式强制转换
c:\users\administrator\source\repos\zga\zga\zga.cpp(2032): error C2664: “UINT GetPrivateProfileIntW(LPCWSTR,LPCWSTR,INT,LPCWSTR)”: 无法将参数 1 从“const char [6]”转换为“LPCWSTR”
  c:\users\administrator\source\repos\zga\zga\zga.cpp(2032): note: 与指向的类型无关；强制转换要求 reinterpret_cast、C 样式强制转换或函数样式强制转换
c:\users\administrator\source\repos\zga\zga\zga.cpp(2091): error C2664: “UINT GetPrivateProfileIntW(LPCWSTR,LPCWSTR,INT,LPCWSTR)”: 无法将参数 1 从“const char [6]”转换为“LPCWSTR”
  c:\users\administrator\source\repos\zga\zga\zga.cpp(2091): note: 与指向的类型无关；强制转换要求 reinterpret_cast、C 样式强制转换或函数样式强制转换
c:\users\administrator\source\repos\zga\zga\zga.cpp(2141): error C2664: “UINT GetPrivateProfileIntW(LPCWSTR,LPCWSTR,INT,LPCWSTR)”: 无法将参数 1 从“const char [6]”转换为“LPCWSTR”
  c:\users\administrator\source\repos\zga\zga\zga.cpp(2141): note: 与指向的类型无关；强制转换要求 reinterpret_cast、C 样式强制转换或函数样式强制转换
c:\users\administrator\source\repos\zga\zga\zga.cpp(2307): error C2664: “UINT GetPrivateProfileIntW(LPCWSTR,LPCWSTR,INT,LPCWSTR)”: 无法将参数 1 从“const char [7]”转换为“LPCWSTR”
  c:\users\administrator\source\repos\zga\zga\zga.cpp(2307): note: 与指向的类型无关；强制转换要求 reinterpret_cast、C 样式强制转换或函数样式强制转换
c:\users\administrator\source\repos\zga\zga\zga.cpp(2318): error C2664: “DWORD GetPrivateProfileStringW(LPCWSTR,LPCWSTR,LPCWSTR,LPWSTR,DWORD,LPCWSTR)”: 无法将参数 1 从“const char [7]”转换为“LPCWSTR”
  c:\users\administrator\source\repos\zga\zga\zga.cpp(2318): note: 与指向的类型无关；强制转换要求 reinterpret_cast、C 样式强制转换或函数样式强制转换
c:\users\administrator\source\repos\zga\zga\zga.cpp(2319): error C2664: “DWORD GetPrivateProfileStringW(LPCWSTR,LPCWSTR,LPCWSTR,LPWSTR,DWORD,LPCWSTR)”: 无法将参数 1 从“const char [7]”转换为“LPCWSTR”
  c:\users\administrator\source\repos\zga\zga\zga.cpp(2319): note: 与指向的类型无关；强制转换要求 reinterpret_cast、C 样式强制转换或函数样式强制转换
c:\users\administrator\source\repos\zga\zga\zga.cpp(2320): error C2664: “DWORD GetPrivateProfileStringW(LPCWSTR,LPCWSTR,LPCWSTR,LPWSTR,DWORD,LPCWSTR)”: 无法将参数 1 从“const char [6]”转换为“LPCWSTR”
  c:\users\administrator\source\repos\zga\zga\zga.cpp(2320): note: 与指向的类型无关；强制转换要求 reinterpret_cast、C 样式强制转换或函数样式强制转换
c:\users\administrator\source\repos\zga\zga\zga.cpp(2329): error C2664: “UINT GetPrivateProfileIntW(LPCWSTR,LPCWSTR,INT,LPCWSTR)”: 无法将参数 1 从“const char [6]”转换为“LPCWSTR”
  c:\users\administrator\source\repos\zga\zga\zga.cpp(2329): note: 与指向的类型无关；强制转换要求 reinterpret_cast、C 样式强制转换或函数样式强制转换
